[debug] [2018-07-29T00:01:48.735Z] ----------------------------------------------------------------------
[debug] [2018-07-29T00:01:48.737Z] Command:       C:\Program Files\nodejs\node.exe C:\Users\Emanuel\AppData\Roaming\npm\node_modules\firebase-tools\bin\firebase deploy
[debug] [2018-07-29T00:01:48.738Z] CLI Version:   3.19.3
[debug] [2018-07-29T00:01:48.738Z] Platform:      win32
[debug] [2018-07-29T00:01:48.738Z] Node Version:  v8.9.4
[debug] [2018-07-29T00:01:48.738Z] Time:          Sun Jul 29 2018 01:01:48 GMT+0100 (Hora de Ver達o de GMT)
[debug] [2018-07-29T00:01:48.738Z] ----------------------------------------------------------------------
[debug] 
[debug] [2018-07-29T00:01:48.749Z] > command requires scopes: ["email","openid","https://www.googleapis.com/auth/cloudplatformprojects.readonly","https://www.googleapis.com/auth/firebase","https://www.googleapis.com/auth/cloud-platform"]
[debug] [2018-07-29T00:01:48.750Z] > authorizing via signed-in user
[debug] [2018-07-29T00:01:48.752Z] >>> HTTP REQUEST GET https://admin.firebase.com/v1/projects/poopsweeper-game  
  
 Sun Jul 29 2018 01:01:48 GMT+0100 (Hora de Ver達o de GMT)
[debug] [2018-07-29T00:01:49.588Z] <<< HTTP RESPONSE 200
[debug] [2018-07-29T00:01:49.589Z] >>> HTTP REQUEST GET https://admin.firebase.com/v1/database/poopsweeper-game/tokens  
  
 Sun Jul 29 2018 01:01:49 GMT+0100 (Hora de Ver達o de GMT)
[debug] [2018-07-29T00:01:50.150Z] <<< HTTP RESPONSE 200
[info] 
[info] === Deploying to 'poopsweeper-game'...
[info] 
[info] i  deploying hosting
[info] i  hosting: preparing build directory for upload...
[debug] [2018-07-29T00:01:50.926Z] >>> HTTP REQUEST PUT https://deploy.firebase.com/v1/hosting/poopsweeper-game/uploads/-LIYKphRaL7XkYnJPzw6?fileCount=18&message=  
  
 Sun Jul 29 2018 01:01:50 GMT+0100 (Hora de Ver達o de GMT)
[debug] [2018-07-29T00:01:52.235Z] <<< HTTP RESPONSE 200
[debug] [2018-07-29T00:01:52.235Z] [hosting] .tgz uploaded successfully, waiting for extraction
